<?xml version="1.0" encoding="UTF-8"?>
<!-- Generated by org.testng.reporters.JUnitReportReporter -->
<testsuite hostname="AymanHussein" failures="0" tests="2" name="variousConcepts.A006" time="21.673" errors="0" timestamp="2024-04-05T22:38:01 CDT" skipped="0">
  <testcase classname="variousConcepts.A006" name="validateAlertMessages" time="8.201"/>
  <system-out/>
  <testcase classname="variousConcepts.A006" name="loginTest" time="13.472"/>
  <system-out/>
</testsuite> <!-- variousConcepts.A006 -->
