<?xml version="1.0" encoding="UTF-8"?>
<!-- Generated by org.testng.reporters.JUnitReportReporter -->
<testsuite hostname="AymanHussein" failures="0" tests="1" name="variousConcepts.A005_properities_2" time="22.824" errors="0" timestamp="2024-04-05T21:41:21 CDT" skipped="0">
  <testcase classname="variousConcepts.A005_properities_2" name="loginTest" time="22.824"/>
  <system-out/>
</testsuite> <!-- variousConcepts.A005_properities_2 -->
