<?xml version="1.0" encoding="UTF-8"?>
<!-- Generated by org.testng.reporters.JUnitReportReporter -->
<testsuite hostname="AymanHussein" failures="0" tests="1" name="variousConcepts.lunch_on_different_broeser" time="20.313" errors="0" timestamp="2024-04-04T22:47:03 CDT" skipped="0">
  <testcase classname="variousConcepts.lunch_on_different_broeser" name="loginTest" time="20.313"/>
  <system-out/>
</testsuite> <!-- variousConcepts.lunch_on_different_broeser -->
