<?xml version="1.0" encoding="UTF-8"?>
<!-- Generated by org.testng.reporters.JUnitReportReporter -->
<testsuite hostname="AymanHussein" failures="0" tests="1" name="variousConcepts.A004_properities" time="17.424" errors="0" timestamp="2024-04-05T21:11:18 CDT" skipped="0">
  <testcase classname="variousConcepts.A004_properities" name="loginTest" time="17.424"/>
  <system-out/>
</testsuite> <!-- variousConcepts.A004_properities -->
